<?xml version="1.0" encoding="UTF-8"?>
<testsuite xmlns:xsi="http://www.w3.org/2001/XMLSchema-instance" xsi:noNamespaceSchemaLocation="https://maven.apache.org/surefire/maven-surefire-plugin/xsd/surefire-test-report-3.0.xsd" version="3.0" name="com.testing.mockito.MyServiceTest" time="1.103" tests="6" errors="0" skipped="0" failures="0">
  <properties>
[...]
</properties>
  <testcase name="testMultipleReturns" classname="com.testing.mockito.MyServiceTest" time="1.039">
    <system-err><![CDATA[WARNING: A Java agent has been loaded dynamically (C:\Users\bened\.m2\repository\net\bytebuddy\byte-buddy-agent\1.14.6\byte-buddy-agent-1.14.6.jar)
WARNING: If a serviceability tool is in use, please run with -XX:+EnableDynamicAgentLoading to hide this warning
WARNING: If a serviceability tool is not in use, please run with -Djdk.instrument.traceUsage for more information
WARNING: Dynamic loading of agents will be disallowed by default in a future release
]]></system-err>
  </testcase>
  <testcase name="testVoidMethodWithException" classname="com.testing.mockito.MyServiceTest" time="0.015"/>
  <testcase name="testSaveDataInteraction" classname="com.testing.mockito.MyServiceTest" time="0.01"/>
  <testcase name="testInteractionOrder" classname="com.testing.mockito.MyServiceTest" time="0.008"/>
  <testcase name="testFetchDataStubbing" classname="com.testing.mockito.MyServiceTest" time="0.002"/>
  <testcase name="testArgumentMatching" classname="com.testing.mockito.MyServiceTest" time="0.003"/>
</testsuite>